2020-02-15 14:29:20|   0.1|  0.1|INFORM|FME 2019.2.1.0 (20191202 - Build 19813 - WIN64)
2020-02-15 14:29:20|   0.1|  0.0|WARN  |Failed to free sufficient memory to reach the process usage limit. To improve stability and performance please increase the memory available to FME. Available memory can be increased by adding physical RAM, increasing swap space, or closing other applications
2020-02-15 14:29:20|   0.1|  0.0|INFORM|FME_HOME is 'C:\Program Files\FME\'
2020-02-15 14:29:20|   0.1|  0.0|INFORM|FME Database Edition (node locked-crc)
2020-02-15 14:29:20|   0.1|  0.0|INFORM|Serial Number: 0
2020-02-15 14:29:20|   0.1|  0.0|INFORM|Temporary License: 51 days left.
2020-02-15 14:29:20|   0.1|  0.0|INFORM|Machine host name is: LAPTOP-G31B2K74
2020-02-15 14:29:20|   0.1|  0.0|INFORM|START - ProcessID: 3980, peak process memory usage: 30604 kB, current process memory usage: 30508 kB
2020-02-15 14:29:20|   0.1|  0.0|INFORM|FME Configuration: Command line arguments are `fme' `../FMETranslator/LOD1/citygml2i3s.fmw' `--SourceDataset_CITYGML' `./temp/temp.gml' `--DestDataset_I3S' `./temp//LOD1/I3s/twoBuildTest'
2020-02-15 14:29:20|   0.1|  0.0|INFORM|FME Configuration: Connection Storage: 'C:\Users\Standard-User\AppData\Roaming\Safe Software\FME\'
2020-02-15 14:29:20|   0.3|  0.2|INFORM|Shared folders for formats are : C:\Program Files\FME\datasources;C:\Users\Standard-User\Documents\FME\Formats
2020-02-15 14:29:20|   0.3|  0.0|INFORM|Shared folders for transformers are : C:\Users\Standard-User\AppData\Roaming\Safe Software\FME\Packages\19813-win64\transformers;C:\Program Files\FME\transformers;C:\Users\Standard-User\AppData\Roaming\Safe Software\FME\FME Store\Transformers
2020-02-15 14:29:20|   0.3|  0.0|INFORM|Shared folders for coordinate systems are : C:\Users\Standard-User\Documents\FME\CoordinateSystems
2020-02-15 14:29:20|   0.3|  0.0|INFORM|Shared folders for coordinate system exceptions are : C:\Users\Standard-User\Documents\FME\CoordinateSystemExceptions
2020-02-15 14:29:20|   0.3|  0.0|INFORM|Shared folders for coordinate system grid overrides are : C:\Users\Standard-User\Documents\FME\CoordinateSystemGridOverrides
2020-02-15 14:29:20|   0.3|  0.0|INFORM|Shared folders for CS-MAP transformation exceptions are : C:\Users\Standard-User\Documents\FME\CsmapTransformationExceptions
2020-02-15 14:29:20|   0.3|  0.0|INFORM|Shared folders for transformer categories are : C:\Users\Standard-User\Documents\FME\TransformerCategories
2020-02-15 14:29:20|   0.3|  0.0|INFORM|FME Configuration: Reader Keyword is `MULTI_READER'
2020-02-15 14:29:20|   0.3|  0.0|INFORM|FME Configuration: Writer Keyword is `MULTI_WRITER'
2020-02-15 14:29:20|   0.3|  0.0|INFORM|FME Configuration: Writer Group Definition Keyword is `MULTI_WRITER_DEF'
2020-02-15 14:29:20|   0.3|  0.0|INFORM|FME Configuration: Reader type is `MULTI_READER'
2020-02-15 14:29:20|   0.3|  0.0|INFORM|FME Configuration: Writer type is `MULTI_WRITER'
2020-02-15 14:29:20|   0.3|  0.0|INFORM|FME Configuration: No destination coordinate system set
2020-02-15 14:29:20|   0.3|  0.0|INFORM|FME Configuration: Current working folder is `D:\HFT Course Material\Sem 3\SERVERS\GeoRocket'
2020-02-15 14:29:20|   0.3|  0.0|INFORM|FME Configuration: Temporary folder is `C:\Users\STANDA~1\AppData\Local\Temp', set from environment variable `TEMP'
2020-02-15 14:29:20|   0.3|  0.0|INFORM|FME Configuration: FME_HOME is `C:\Program Files\FME\'
2020-02-15 14:29:20|   0.3|  0.0|INFORM|FME Configuration: FME_BASE is 'no'
2020-02-15 14:29:20|   0.3|  0.0|INFORM|FME Configuration: FME_MF_DIR is 'd:\HFT Course Material\Sem 3\SERVERS\FMETranslator\LOD1/'
2020-02-15 14:29:20|   0.3|  0.0|INFORM|FME Configuration: FME_MF_NAME is 'citygml2i3s.fmw'
2020-02-15 14:29:20|   0.3|  0.0|INFORM|FME Configuration: FME_PRODUCT_NAME is 'FME(R) 2019.2.1.0'
2020-02-15 14:29:20|   0.3|  0.0|INFORM|System Status: 61.01 GB of disk space available in the FME temporary folder (C:\Users\STANDA~1\AppData\Local\Temp)
2020-02-15 14:29:20|   0.3|  0.0|INFORM|System Status: 128.00 TB of virtual memory available
2020-02-15 14:29:20|   0.3|  0.0|INFORM|Operating System: Microsoft Windows 10 64-bit  (Build 17763)
2020-02-15 14:29:20|   0.3|  0.0|INFORM|FME Platform: WIN64
2020-02-15 14:29:20|   0.3|  0.0|INFORM|Locale: en_GB
2020-02-15 14:29:20|   0.3|  0.0|INFORM|Code Page: 1252  (ANSI - Latin I)
2020-02-15 14:29:20|   0.3|  0.0|INFORM|FME Configuration: Process limit is 7.89 GB of physical memory
2020-02-15 14:29:20|   0.3|  0.0|INFORM|FME Configuration: Start freeing memory when process usage exceeds 29.30 MB of virtual memory
2020-02-15 14:29:20|   0.3|  0.0|INFORM|FME Configuration: Stop freeing memory when process usage is below 28.13 MB of virtual memory
2020-02-15 14:29:20|   0.3|  0.1|INFORM|Creating writer for format: 
2020-02-15 14:29:20|   0.3|  0.0|INFORM|Creating reader for format: 
2020-02-15 14:29:20|   0.3|  0.0|INFORM|MULTI_READER(MULTI_READER): Will fail with first member reader failure
2020-02-15 14:29:20|   0.3|  0.0|INFORM|MULTI_READER(MULTI_READER): Adding CITYGML Reader with keyword CITYGML_1
2020-02-15 14:29:20|   0.3|  0.0|INFORM|Using Multi Reader with keyword `MULTI_READER' to read multiple datasets
2020-02-15 14:29:21|   0.5|  0.2|INFORM|Creating reader for format: CityGML
2020-02-15 14:29:21|   0.6|  0.1|INFORM|Trying to find a DYNAMIC plugin for reader named `CITYGML'
2020-02-15 14:29:21|   0.6|  0.0|INFORM|FME Configuration: Source coordinate system for reader CITYGML_1[CITYGML] set to `EPSG:25832'
2020-02-15 14:29:21|   1.0|  0.4|INFORM|Coordinate System `EPSG:25832' parameters: CS_NAME=`ETRS89.UTM-32N' DESC_NM=`Transverse Mercator (ETRS89-TM32)' DT_NAME=`ETRS89/01' GROUP=`UTMN' MAP_SCL=`1' MAX_LAT=`66.45' MAX_LNG=`12.866666666666667' MIN_LAT=`57.11666666666667' MIN_LNG=`4.183333333333334' PARM1=`9' PROJ=`TM' QUAD=`1' SCL_RED=`0.9996' SOURCE=`EPSG, V6.3, 25832 [Large and medium scale topographic mappi]' UNIT=`Meter' X_OFF=`500000' Y_OFF=`0.0' ZERO_X=`0.0001' ZERO_Y=`0.0001'
2020-02-15 14:29:21|   1.0|  0.0|INFORM|Loaded module 'CITYGML' from file 'C:\Program Files\FME\plugins/CITYGML.dll'
2020-02-15 14:29:22|   2.0|  1.0|INFORM|FME API version of module 'CITYGML' matches current internal version (3.8 20190820)
2020-02-15 14:29:22|   2.0|  0.0|INFORM|Opening the CITYGML reader with source dataset 'temp\temp.gml'
2020-02-15 14:29:22|   2.0|  0.0|INFORM|Parsing XML document 'temp\temp.gml'
2020-02-15 14:29:22|   2.0|  0.0|INFORM|The uri-map document 'C:\Program Files\FME\xml\urimap\gml_aixm.xml' is being used to map from URI to URI
2020-02-15 14:29:22|   2.0|  0.0|INFORM|The uri-map document 'C:\Program Files\FME\xml\urimap\gml_inspire.xml' is being used to map from URI to URI
2020-02-15 14:29:22|   2.0|  0.0|INFORM|The uri-map document 'C:\Program Files\FME\xml\urimap\gml_sosi.xml' is being used to map from URI to URI
2020-02-15 14:29:22|   2.0|  0.0|INFORM|The uri-map document 'C:\Program Files\FME\xml\urimap\gml_urimap.xml' is being used to map from URI to URI
2020-02-15 14:29:22|   2.0|  0.0|INFORM|The uri-map document 'C:\Program Files\FME\xml\urimap\gml_citygml.xml' is being used to map from URI to URI
2020-02-15 14:29:22|   2.0|  0.0|INFORM|CityGML Reader: Using cached xfMap 'C:\Users\STANDA~1\AppData\Local\Temp\GML_XFMAP_CACHE\CACHED_AUTOGEN_1581763775352_11156.xfmap'
2020-02-15 14:29:22|   2.1|  0.0|INFORM|Using MultiWriter with keyword `MULTI_WRITER' to output data (ID_ATTRIBUTE is `multi_writer_id')
2020-02-15 14:29:22|   2.1|  0.0|INFORM|Writer output will be ordered by value of multi_writer_id
2020-02-15 14:29:22|   2.1|  0.0|INFORM|FME Configuration: Using FME Reprojection Engine
2020-02-15 14:29:22|   2.1|  0.0|INFORM|The XML Reader is using xfMap 'C:\Users\STANDA~1\AppData\Local\Temp\GML_XFMAP_CACHE\CACHED_AUTOGEN_1581763775352_11156.xfmap'
2020-02-15 14:29:22|   2.1|  0.0|INFORM|Parsing XML document 'temp\temp.gml'
2020-02-15 14:29:22|   2.1|  0.0|INFORM|CS-MAP Reprojector: Transformation will be automatically selected for 'EPSG:25832' -> 'EPSG:4326', and is not guaranteed to remain the same in future releases of FME
2020-02-15 14:29:22|   2.2|  0.0|INFORM|Reprojector: Using transformation `ETRS89/01_to_WGS84,Forward(Geocentric)' when reprojecting from EPSG:25832 to EPSG:4326
2020-02-15 14:29:22|   2.2|  0.0|INFORM|Creating writer for format: Esri Indexed 3D Scene Layer
2020-02-15 14:29:22|   2.2|  0.0|INFORM|Trying to find a DYNAMIC plugin for writer named `I3S'
2020-02-15 14:29:23|   2.2|  0.0|INFORM|Loaded module 'I3S' from file 'C:\Program Files\FME\plugins/I3S.dll'
2020-02-15 14:29:23|   2.2|  0.0|INFORM|FME API version of module 'I3S' matches current internal version (3.8 20190820)
2020-02-15 14:29:23|   2.2|  0.0|INFORM|FME Configuration: Destination coordinate system set to `EPSG:4326'
2020-02-15 14:29:23|   2.2|  0.0|INFORM|Coordinate System `EPSG:4326' parameters: CS_NAME=`LL-WGS84' DESC_NM=`WGS84 Lat/Longs' DT_NAME=`WGS84' GROUP=`LL' MAP_SCL=`1' PROJ=`LL' QUAD=`1' SCL_RED=`1' UNIT=`DEGREE'
2020-02-15 14:29:23|   2.3|  0.0|INFORM|FME API version of module 'I3S' matches current internal version (3.8 20190820)
2020-02-15 14:29:23|   2.3|  0.0|INFORM|Writer `I3S_1' of type `I3S' using group definition keyword `I3S_1_DEF'
2020-02-15 14:29:23|   2.3|  0.0|INFORM|FME API version of module 'I3S' matches current internal version (3.8 20190820)
2020-02-15 14:29:23|   2.3|  0.0|INFORM|(I3S_1) Opening an I3S writer with dataset 'temp\LOD1\I3s\twoBuildTest/'
2020-02-15 14:29:23|   2.3|  0.0|WARN  |(I3S_1) The 'layer' layer requires triangular mesh geometries. Features whose geometries cannot be triangulated will not be written
2020-02-15 14:29:23|   2.3|  0.0|INFORM|(I3S_1) The 'layer' layer will be written in the EPSG:4326 coordinate system 
2020-02-15 14:29:23|   2.3|  0.0|INFORM|MULTI_READER(MULTI_READER): Done reading 3 features from 1 readers
2020-02-15 14:29:23|   2.3|  0.0|INFORM|Emptying factory pipeline
2020-02-15 14:29:23|   2.3|  0.0|STATS |Router and Unexpected Input Remover (RoutingFactory): Tested 3 input feature(s), wrote 3 output feature(s): 3 matched merge filters, 3 were routed to output, 0 could not be routed.
2020-02-15 14:29:23|   2.3|  0.0|STATS |CityModel (CITYGML_1) Splitter (TeeFactory): Cloned 1 input feature(s) into 1 output feature(s)
2020-02-15 14:29:23|   2.3|  0.0|STATS |Building (CITYGML_1) Splitter (TeeFactory): Cloned 1 input feature(s) into 1 output feature(s)
2020-02-15 14:29:23|   2.3|  0.0|STATS |BuildingPart (CITYGML_1) Splitter (TeeFactory): Cloned 0 input feature(s) into 0 output feature(s)
2020-02-15 14:29:23|   2.3|  0.0|STATS |Address (CITYGML_1) Splitter (TeeFactory): Cloned 1 input feature(s) into 1 output feature(s)
2020-02-15 14:29:23|   2.3|  0.0|STATS |Destination Feature Type Routing Correlator (RoutingFactory): Tested 3 input feature(s), wrote 3 output feature(s): 0 matched merge filters, 3 were routed to output, 0 could not be routed.
2020-02-15 14:29:23|   2.3|  0.0|STATS |Final Output Nuker (TeeFactory): Cloned 0 input feature(s) into 0 output feature(s)
2020-02-15 14:29:23|   2.3|  0.0|INFORM|(I3S_1) Closing the I3S writer with dataset 'temp\LOD1\I3s\twoBuildTest/'
2020-02-15 14:29:23|   2.3|  0.0|INFORM|(I3S_1) Writing I3S Layer for feature type 'layer'
2020-02-15 14:29:23|   2.3|  0.0|INFORM|(I3S_1) Feature type 'layer' has 1 features
2020-02-15 14:29:23|   2.3|  0.0|INFORM|(I3S_1) Quad tree for feature type 'layer' has been created, with 2 nodes
2020-02-15 14:29:23|   2.3|  0.0|INFORM|=-=-=-=-=-=-=-=-=-=-=-=-=-=-=-=-=-=-=-=-=-=-=-=-=-=-=-=-=-=-=-=-=-=-=-=-=-=-=-
2020-02-15 14:29:23|   2.3|  0.0|INFORM|Feature output statistics for `I3S' writer using keyword `I3S_1':
2020-02-15 14:29:23|   2.3|  0.0|STATS |=-=-=-=-=-=-=-=-=-=-=-=-=-=-=-=-=-=-=-=-=-=-=-=-=-=-=-=-=-=-=-=-=-=-=-=-=-=-=-
2020-02-15 14:29:23|   2.3|  0.0|STATS |                               Features Written
2020-02-15 14:29:23|   2.3|  0.0|STATS |=-=-=-=-=-=-=-=-=-=-=-=-=-=-=-=-=-=-=-=-=-=-=-=-=-=-=-=-=-=-=-=-=-=-=-=-=-=-=-
2020-02-15 14:29:23|   2.3|  0.0|STATS |layer                                                                        3
2020-02-15 14:29:23|   2.3|  0.0|STATS |==============================================================================
2020-02-15 14:29:23|   2.3|  0.0|STATS |Total Features Written                                                       3
2020-02-15 14:29:23|   2.3|  0.0|STATS |=-=-=-=-=-=-=-=-=-=-=-=-=-=-=-=-=-=-=-=-=-=-=-=-=-=-=-=-=-=-=-=-=-=-=-=-=-=-=-
2020-02-15 14:29:23|   2.3|  0.0|STATS |=-=-=-=-=-=-=-=-=-=-=-=-=-=-=-=-=-=-=-=-=-=-=-=-=-=-=-=-=-=-=-=-=-=-=-=-=-=-=-
2020-02-15 14:29:23|   2.3|  0.0|STATS |                            Features Read Summary
2020-02-15 14:29:23|   2.3|  0.0|STATS |=-=-=-=-=-=-=-=-=-=-=-=-=-=-=-=-=-=-=-=-=-=-=-=-=-=-=-=-=-=-=-=-=-=-=-=-=-=-=-
2020-02-15 14:29:23|   2.3|  0.0|STATS |Address                                                                      1
2020-02-15 14:29:23|   2.3|  0.0|STATS |Building                                                                     1
2020-02-15 14:29:23|   2.3|  0.0|STATS |CityModel                                                                    1
2020-02-15 14:29:23|   2.3|  0.0|STATS |==============================================================================
2020-02-15 14:29:23|   2.3|  0.0|STATS |Total Features Read                                                          3
2020-02-15 14:29:23|   2.3|  0.0|STATS |=-=-=-=-=-=-=-=-=-=-=-=-=-=-=-=-=-=-=-=-=-=-=-=-=-=-=-=-=-=-=-=-=-=-=-=-=-=-=-
2020-02-15 14:29:23|   2.3|  0.0|STATS |=-=-=-=-=-=-=-=-=-=-=-=-=-=-=-=-=-=-=-=-=-=-=-=-=-=-=-=-=-=-=-=-=-=-=-=-=-=-=-
2020-02-15 14:29:23|   2.3|  0.0|STATS |                           Features Written Summary
2020-02-15 14:29:23|   2.3|  0.0|STATS |=-=-=-=-=-=-=-=-=-=-=-=-=-=-=-=-=-=-=-=-=-=-=-=-=-=-=-=-=-=-=-=-=-=-=-=-=-=-=-
2020-02-15 14:29:23|   2.3|  0.0|STATS |layer                                                                        3
2020-02-15 14:29:23|   2.3|  0.0|STATS |==============================================================================
2020-02-15 14:29:23|   2.3|  0.0|STATS |Total Features Written                                                       3
2020-02-15 14:29:23|   2.3|  0.0|STATS |=-=-=-=-=-=-=-=-=-=-=-=-=-=-=-=-=-=-=-=-=-=-=-=-=-=-=-=-=-=-=-=-=-=-=-=-=-=-=-
2020-02-15 14:29:23|   2.3|  0.0|INFORM|Translation was SUCCESSFUL with 2 warning(s) (3 feature(s) output)
2020-02-15 14:29:23|   2.3|  0.0|INFORM|FME Session Duration: 3.3 seconds. (CPU: 1.3s user, 0.9s system)
2020-02-15 14:29:23|   2.3|  0.0|INFORM|END - ProcessID: 3980, peak process memory usage: 93000 kB, current process memory usage: 88768 kB
