2020-02-12 09:28:45|   0.0|  0.0|INFORM|FME 2019.2.1.0 (20191202 - Build 19813 - WIN64)
2020-02-12 09:28:45|   0.0|  0.0|INFORM|FME_HOME is 'C:\Program Files\FME\'
2020-02-12 09:28:45|   0.0|  0.0|INFORM|FME Database Edition (node locked-crc)
2020-02-12 09:28:45|   0.0|  0.0|INFORM|Serial Number: 0
2020-02-12 09:28:45|   0.0|  0.0|INFORM|Temporary License: 54 days left.
2020-02-12 09:28:45|   0.0|  0.0|INFORM|Machine host name is: LAPTOP-G31B2K74
2020-02-12 09:28:45|   0.0|  0.0|INFORM|START - ProcessID: 20460, peak process memory usage: 30152 kB, current process memory usage: 29932 kB
2020-02-12 09:28:45|   0.0|  0.0|INFORM|FME Configuration: Command line arguments are `C:\Program Files\FME\fme.exe' `D:/HFT Course Material/Sem 3/SERVERS/FMETranslator/LOD2\wb-xlate-1581496124301_1368' `LOG_STANDARDOUT' `YES' `LogCountServerName' `{5f215e12-dad6-4281-b3c5-ad24765c8caa}'
2020-02-12 09:28:45|   0.0|  0.0|INFORM|FME Configuration: Connection Storage: 'C:\Users\Standard-User\AppData\Roaming\Safe Software\FME\'
2020-02-12 09:28:46|   0.2|  0.1|INFORM|Shared folders for formats are : C:\Program Files\FME\datasources;C:\Users\Standard-User\Documents\FME\Formats
2020-02-12 09:28:46|   0.2|  0.0|INFORM|Shared folders for transformers are : C:\Users\Standard-User\AppData\Roaming\Safe Software\FME\Packages\19813-win64\transformers;C:\Program Files\FME\transformers;C:\Users\Standard-User\AppData\Roaming\Safe Software\FME\FME Store\Transformers
2020-02-12 09:28:46|   0.2|  0.0|INFORM|Shared folders for coordinate systems are : C:\Users\Standard-User\Documents\FME\CoordinateSystems
2020-02-12 09:28:46|   0.2|  0.0|INFORM|Shared folders for coordinate system exceptions are : C:\Users\Standard-User\Documents\FME\CoordinateSystemExceptions
2020-02-12 09:28:46|   0.2|  0.0|INFORM|Shared folders for coordinate system grid overrides are : C:\Users\Standard-User\Documents\FME\CoordinateSystemGridOverrides
2020-02-12 09:28:46|   0.2|  0.0|INFORM|Shared folders for CS-MAP transformation exceptions are : C:\Users\Standard-User\Documents\FME\CsmapTransformationExceptions
2020-02-12 09:28:46|   0.2|  0.0|INFORM|Shared folders for transformer categories are : C:\Users\Standard-User\Documents\FME\TransformerCategories
2020-02-12 09:28:46|   0.2|  0.0|INFORM|FME Configuration: Reader Keyword is `MULTI_READER'
2020-02-12 09:28:46|   0.2|  0.0|INFORM|FME Configuration: Writer Keyword is `MULTI_WRITER'
2020-02-12 09:28:46|   0.2|  0.0|INFORM|FME Configuration: Writer Group Definition Keyword is `MULTI_WRITER_DEF'
2020-02-12 09:28:46|   0.2|  0.0|INFORM|FME Configuration: Reader type is `MULTI_READER'
2020-02-12 09:28:46|   0.2|  0.0|INFORM|FME Configuration: Writer type is `MULTI_WRITER'
2020-02-12 09:28:46|   0.2|  0.0|INFORM|FME Configuration: No destination coordinate system set
2020-02-12 09:28:46|   0.2|  0.0|INFORM|FME Configuration: Current working folder is `D:\HFT Course Material\Sem 3\SERVERS\FMETranslator\LOD2'
2020-02-12 09:28:46|   0.2|  0.0|INFORM|FME Configuration: Temporary folder is `C:\Users\STANDA~1\AppData\Local\Temp', set from environment variable `TEMP'
2020-02-12 09:28:46|   0.2|  0.0|INFORM|FME Configuration: FME_HOME is `C:\Program Files\FME\'
2020-02-12 09:28:46|   0.2|  0.0|INFORM|FME Configuration: FME_BASE is 'no'
2020-02-12 09:28:46|   0.2|  0.0|INFORM|FME Configuration: FME_MF_DIR is 'D:\HFT Course Material\Sem 3\SERVERS\FMETranslator\LOD2/'
2020-02-12 09:28:46|   0.2|  0.0|INFORM|FME Configuration: FME_MF_NAME is 'citygml_2 _I3S(LOD2)-I3S.fmw'
2020-02-12 09:28:46|   0.2|  0.0|INFORM|FME Configuration: FME_PRODUCT_NAME is 'FME(R) 2019.2.1.0'
2020-02-12 09:28:46|   0.2|  0.0|INFORM|System Status: 63.25 GB of disk space available in the FME temporary folder (C:\Users\STANDA~1\AppData\Local\Temp)
2020-02-12 09:28:46|   0.2|  0.0|INFORM|System Status: 128.00 TB of virtual memory available
2020-02-12 09:28:46|   0.2|  0.0|INFORM|Operating System: Microsoft Windows 10 64-bit  (Build 17763)
2020-02-12 09:28:46|   0.2|  0.0|INFORM|FME Platform: WIN64
2020-02-12 09:28:46|   0.2|  0.0|INFORM|Locale: en_GB
2020-02-12 09:28:46|   0.2|  0.0|INFORM|Code Page: 1252  (ANSI - Latin I)
2020-02-12 09:28:46|   0.2|  0.0|INFORM|FME Configuration: Process limit is 7.89 GB of physical memory
2020-02-12 09:28:46|   0.2|  0.0|INFORM|FME Configuration: Start freeing memory when process usage exceeds 23.66 GB of virtual memory
2020-02-12 09:28:46|   0.2|  0.0|INFORM|FME Configuration: Stop freeing memory when process usage is below 17.75 GB of virtual memory
2020-02-12 09:28:46|   0.2|  0.0|INFORM|Creating writer for format: 
2020-02-12 09:28:46|   0.2|  0.0|INFORM|Creating reader for format: 
2020-02-12 09:28:46|   0.2|  0.0|INFORM|MULTI_READER(MULTI_READER): Will fail with first member reader failure
2020-02-12 09:28:46|   0.2|  0.0|INFORM|MULTI_READER(MULTI_READER): Adding CITYGML Reader with keyword CITYGML_1
2020-02-12 09:28:46|   0.2|  0.0|INFORM|Using Multi Reader with keyword `MULTI_READER' to read multiple datasets
2020-02-12 09:28:47|   0.3|  0.1|INFORM|Creating reader for format: CityGML
2020-02-12 09:28:47|   0.3|  0.0|INFORM|Trying to find a DYNAMIC plugin for reader named `CITYGML'
2020-02-12 09:28:47|   0.3|  0.0|INFORM|FME Configuration: Source coordinate system for reader CITYGML_1[CITYGML] set to `EPSG:25832'
2020-02-12 09:28:47|   0.5|  0.2|INFORM|Coordinate System `EPSG:25832' parameters: CS_NAME=`ETRS89.UTM-32N' DESC_NM=`Transverse Mercator (ETRS89-TM32)' DT_NAME=`ETRS89/01' GROUP=`UTMN' MAP_SCL=`1' MAX_LAT=`66.45' MAX_LNG=`12.866666666666667' MIN_LAT=`57.11666666666667' MIN_LNG=`4.183333333333334' PARM1=`9' PROJ=`TM' QUAD=`1' SCL_RED=`0.9996' SOURCE=`EPSG, V6.3, 25832 [Large and medium scale topographic mappi]' UNIT=`Meter' X_OFF=`500000' Y_OFF=`0.0' ZERO_X=`0.0001' ZERO_Y=`0.0001'
2020-02-12 09:28:47|   0.6|  0.0|INFORM|Loaded module 'CITYGML' from file 'C:\Program Files\FME\plugins/CITYGML.dll'
2020-02-12 09:28:48|   1.0|  0.4|INFORM|FME API version of module 'CITYGML' matches current internal version (3.8 20190820)
2020-02-12 09:28:48|   1.0|  0.0|INFORM|Opening the CITYGML reader with source dataset 'D:\HFT Course Material\Sem 3\Data- Open NRW\LOD2\LGL\Niedernhall\nied-2018.gml'
2020-02-12 09:28:48|   1.0|  0.0|INFORM|Parsing XML document 'D:\HFT Course Material\Sem 3\Data- Open NRW\LOD2\LGL\Niedernhall\nied-2018.gml'
2020-02-12 09:28:48|   1.0|  0.0|INFORM|The uri-map document 'C:\Program Files\FME\xml\urimap\gml_aixm.xml' is being used to map from URI to URI
2020-02-12 09:28:48|   1.0|  0.0|INFORM|The uri-map document 'C:\Program Files\FME\xml\urimap\gml_inspire.xml' is being used to map from URI to URI
2020-02-12 09:28:48|   1.0|  0.0|INFORM|The uri-map document 'C:\Program Files\FME\xml\urimap\gml_sosi.xml' is being used to map from URI to URI
2020-02-12 09:28:48|   1.0|  0.0|INFORM|The uri-map document 'C:\Program Files\FME\xml\urimap\gml_urimap.xml' is being used to map from URI to URI
2020-02-12 09:28:48|   1.0|  0.0|INFORM|The uri-map document 'C:\Program Files\FME\xml\urimap\gml_citygml.xml' is being used to map from URI to URI
2020-02-12 09:28:48|   1.0|  0.0|INFORM|URI 'http://repository.gdi-de.org/schemas/adv/citygml/building/1.0/buildingLoD2.xsd' mapped to 'http://repository.gdi-de.org/schemas/adv/citygml/building/1.0/buildingLoD2.xsd'
2020-02-12 09:28:48|   1.0|  0.0|INFORM|HTTP/FTP Transfer: Downloading resource 'http://repository.gdi-de.org/schemas/adv/citygml/building/1.0/buildingLoD2.xsd' to local file 'C:\Users\STANDA~1\AppData\Local\Temp\FME_XSD_CACHE\fmexsd_1581496128660_20460.xml'
2020-02-12 09:28:48|   1.0|  0.0|INFORM|HTTP transfer summary - status code: 200, download size: '18959 bytes', DNS lookup time: '0.166774 seconds', total transfer time: '0.215107 seconds', url: 'http://repository.gdi-de.org/schemas/adv/citygml/building/1.0/buildingLoD2.xsd'
2020-02-12 09:28:48|   1.0|  0.0|INFORM|'http://repository.gdi-de.org/schemas/adv/citygml/building/1.0/buildingLoD2.xsd' mapped to 'C:\Users\STANDA~1\AppData\Local\Temp\FME_XSD_CACHE\fmexsd_1581496128660_20460.xml'
2020-02-12 09:28:48|   1.0|  0.0|INFORM|Parsing schema document 'C:\Users\STANDA~1\AppData\Local\Temp\FME_XSD_CACHE\fmexsd_1581496128660_20460.xml' ...
2020-02-12 09:28:48|   1.1|  0.0|INFORM|A <schemaLocation> in the uri-map is overriding the namespace 'http://www.w3.org/1999/xlink' xsd location from 'http://schemas.opengis.net/gml/3.1.0/xlink/xlinks.xsd' to 'xlink.xsd'
2020-02-12 09:28:49|   1.1|  0.0|INFORM|A <schemaLocation> in the uri-map is overriding the namespace 'http://www.w3.org/1999/xlink' xsd location from 'http://schemas.opengis.net/gml/3.1.0/xlink/xlinks.xsd' to 'xlink.xsd'
2020-02-12 09:28:49|   1.1|  0.0|INFORM|HTTP/FTP Transfer: Downloading resource 'http://repository.gdi-de.org/schemas/adv/citygml/1.0/cityGMLBaseLoD2.xsd' to local file 'C:\Users\STANDA~1\AppData\Local\Temp\FME_XSD_CACHE\fmexsd_1581496129164_20460.xml'
2020-02-12 09:28:49|   1.1|  0.0|INFORM|HTTP transfer summary - status code: 200, download size: '21639 bytes', DNS lookup time: '5.5e-5 seconds', total transfer time: '0.027809 seconds', url: 'http://repository.gdi-de.org/schemas/adv/citygml/1.0/cityGMLBaseLoD2.xsd'
2020-02-12 09:28:49|   1.1|  0.0|INFORM|'http://repository.gdi-de.org/schemas/adv/citygml/1.0/cityGMLBaseLoD2.xsd' mapped to 'C:\Users\STANDA~1\AppData\Local\Temp\FME_XSD_CACHE\fmexsd_1581496129164_20460.xml'
2020-02-12 09:28:49|   1.2|  0.0|INFORM|URI 'http://repository.gdi-de.org/schemas/adv/citygml/cityobjectgroup/1.0/cityObjectGroupLoD2.xsd' mapped to 'http://repository.gdi-de.org/schemas/adv/citygml/cityobjectgroup/1.0/cityObjectGroupLoD2.xsd'
2020-02-12 09:28:49|   1.2|  0.0|INFORM|HTTP/FTP Transfer: Downloading resource 'http://repository.gdi-de.org/schemas/adv/citygml/cityobjectgroup/1.0/cityObjectGroupLoD2.xsd' to local file 'C:\Users\STANDA~1\AppData\Local\Temp\FME_XSD_CACHE\fmexsd_1581496129234_20460.xml'
2020-02-12 09:28:49|   1.2|  0.0|INFORM|HTTP transfer summary - status code: 200, download size: '5804 bytes', DNS lookup time: '3.1e-5 seconds', total transfer time: '0.012952 seconds', url: 'http://repository.gdi-de.org/schemas/adv/citygml/cityobjectgroup/1.0/cityObjectGroupLoD2.xsd'
2020-02-12 09:28:49|   1.2|  0.0|INFORM|'http://repository.gdi-de.org/schemas/adv/citygml/cityobjectgroup/1.0/cityObjectGroupLoD2.xsd' mapped to 'C:\Users\STANDA~1\AppData\Local\Temp\FME_XSD_CACHE\fmexsd_1581496129234_20460.xml'
2020-02-12 09:28:49|   1.2|  0.0|INFORM|Parsing schema document 'C:\Users\STANDA~1\AppData\Local\Temp\FME_XSD_CACHE\fmexsd_1581496129234_20460.xml' ...
2020-02-12 09:28:49|   1.2|  0.0|INFORM|'http://repository.gdi-de.org/schemas/adv/citygml/1.0/cityGMLBaseLoD2.xsd' mapped to 'C:\Users\STANDA~1\AppData\Local\Temp\FME_XSD_CACHE\fmexsd_1581496129164_20460.xml'
2020-02-12 09:28:49|   1.2|  0.0|INFORM|URI 'http://repository.gdi-de.org/schemas/adv/citygml/appearance/1.0/appearanceLoD2.xsd' mapped to 'http://repository.gdi-de.org/schemas/adv/citygml/appearance/1.0/appearanceLoD2.xsd'
2020-02-12 09:28:49|   1.2|  0.0|INFORM|HTTP/FTP Transfer: Downloading resource 'http://repository.gdi-de.org/schemas/adv/citygml/appearance/1.0/appearanceLoD2.xsd' to local file 'C:\Users\STANDA~1\AppData\Local\Temp\FME_XSD_CACHE\fmexsd_1581496129258_20460.xml'
2020-02-12 09:28:49|   1.2|  0.0|INFORM|HTTP transfer summary - status code: 200, download size: '19604 bytes', DNS lookup time: '5.2e-5 seconds', total transfer time: '0.02285 seconds', url: 'http://repository.gdi-de.org/schemas/adv/citygml/appearance/1.0/appearanceLoD2.xsd'
2020-02-12 09:28:49|   1.2|  0.0|INFORM|'http://repository.gdi-de.org/schemas/adv/citygml/appearance/1.0/appearanceLoD2.xsd' mapped to 'C:\Users\STANDA~1\AppData\Local\Temp\FME_XSD_CACHE\fmexsd_1581496129258_20460.xml'
2020-02-12 09:28:49|   1.2|  0.0|INFORM|Parsing schema document 'C:\Users\STANDA~1\AppData\Local\Temp\FME_XSD_CACHE\fmexsd_1581496129258_20460.xml' ...
2020-02-12 09:28:49|   1.2|  0.0|INFORM|'http://repository.gdi-de.org/schemas/adv/citygml/1.0/cityGMLBaseLoD2.xsd' mapped to 'C:\Users\STANDA~1\AppData\Local\Temp\FME_XSD_CACHE\fmexsd_1581496129164_20460.xml'
2020-02-12 09:28:49|   1.2|  0.0|INFORM|URI 'http://repository.gdi-de.org/schemas/adv/citygml/1.0/cityGMLBaseLoD2.xsd' mapped to 'http://repository.gdi-de.org/schemas/adv/citygml/1.0/cityGMLBaseLoD2.xsd'
2020-02-12 09:28:49|   1.2|  0.0|INFORM|'http://repository.gdi-de.org/schemas/adv/citygml/1.0/cityGMLBaseLoD2.xsd' mapped to 'C:\Users\STANDA~1\AppData\Local\Temp\FME_XSD_CACHE\fmexsd_1581496129164_20460.xml'
2020-02-12 09:28:49|   1.2|  0.0|INFORM|Parsing schema document 'C:\Users\STANDA~1\AppData\Local\Temp\FME_XSD_CACHE\fmexsd_1581496129164_20460.xml' ...
2020-02-12 09:28:49|   1.2|  0.0|INFORM|URI 'http://repository.gdi-de.org/schemas/adv/citygml/generics/1.0/genericsLoD2.xsd' mapped to 'http://repository.gdi-de.org/schemas/adv/citygml/generics/1.0/genericsLoD2.xsd'
2020-02-12 09:28:49|   1.2|  0.0|INFORM|HTTP/FTP Transfer: Downloading resource 'http://repository.gdi-de.org/schemas/adv/citygml/generics/1.0/genericsLoD2.xsd' to local file 'C:\Users\STANDA~1\AppData\Local\Temp\FME_XSD_CACHE\fmexsd_1581496129300_20460.xml'
2020-02-12 09:28:49|   1.2|  0.0|INFORM|HTTP transfer summary - status code: 200, download size: '2868 bytes', DNS lookup time: '3e-5 seconds', total transfer time: '0.012089 seconds', url: 'http://repository.gdi-de.org/schemas/adv/citygml/generics/1.0/genericsLoD2.xsd'
2020-02-12 09:28:49|   1.2|  0.0|INFORM|'http://repository.gdi-de.org/schemas/adv/citygml/generics/1.0/genericsLoD2.xsd' mapped to 'C:\Users\STANDA~1\AppData\Local\Temp\FME_XSD_CACHE\fmexsd_1581496129300_20460.xml'
2020-02-12 09:28:49|   1.2|  0.0|INFORM|Parsing schema document 'C:\Users\STANDA~1\AppData\Local\Temp\FME_XSD_CACHE\fmexsd_1581496129300_20460.xml' ...
2020-02-12 09:28:49|   1.2|  0.0|INFORM|'http://repository.gdi-de.org/schemas/adv/citygml/1.0/cityGMLBaseLoD2.xsd' mapped to 'C:\Users\STANDA~1\AppData\Local\Temp\FME_XSD_CACHE\fmexsd_1581496129164_20460.xml'
2020-02-12 09:28:49|   1.2|  0.0|INFORM|Using XSD semantics configuration file 'file:///C:/Program Files/FME/xml/CityGML/CityGML_config.xml'.
2020-02-12 09:28:49|   1.4|  0.2|INFORM|Pre-processing xfMap 'C:\Users\STANDA~1\AppData\Local\Temp\GML_XFMAP_CACHE\CACHED_AUTOGEN_1581496128638_20460.xfmap' with macro stylesheet 'C:\Program Files\FME\xfmap\xfmap_macro.xslt' into 'C:\Users\STANDA~1\AppData\Local\Temp\GML_XFMAP_CACHE\CACHED_AUTOGEN_1581496129513_20460.xfmap'
2020-02-12 09:28:49|   1.4|  0.1|INFORM|CityGML Reader: Caching xfMap file for subsequent reads 'C:\Users\STANDA~1\AppData\Local\Temp\GML_XFMAP_CACHE\CACHED_AUTOGEN_1581496129513_20460.xfmap'
2020-02-12 09:28:49|   1.4|  0.0|INFORM|Using MultiWriter with keyword `MULTI_WRITER' to output data (ID_ATTRIBUTE is `multi_writer_id')
2020-02-12 09:28:49|   1.4|  0.0|INFORM|Writer output will be ordered by value of multi_writer_id
2020-02-12 09:28:49|   1.4|  0.0|INFORM|Loaded module 'LogCount_func' from file 'C:\Program Files\FME\plugins/LogCount_func.dll'
2020-02-12 09:28:49|   1.4|  0.0|INFORM|FME API version of module 'LogCount_func' matches current internal version (3.8 20190820)
2020-02-12 09:28:49|   1.4|  0.0|INFORM|FME Configuration: Using FME Reprojection Engine
2020-02-12 09:28:49|   1.4|  0.0|INFORM|The XML Reader is using xfMap 'C:\Users\STANDA~1\AppData\Local\Temp\GML_XFMAP_CACHE\CACHED_AUTOGEN_1581496129513_20460.xfmap'
2020-02-12 09:28:49|   1.4|  0.0|INFORM|Parsing XML document 'D:\HFT Course Material\Sem 3\Data- Open NRW\LOD2\LGL\Niedernhall\nied-2018.gml'
2020-02-12 09:28:51|   3.2|  1.8|INFORM|XML Reader mapped feature # 5000  (xfMap: CityGML XFMAP auto-gen)
2020-02-12 09:28:52|   3.8|  0.6|INFORM|CS-MAP Reprojector: Transformation will be automatically selected for 'EPSG:25832' -> 'EPSG:4326', and is not guaranteed to remain the same in future releases of FME
2020-02-12 09:28:52|   3.8|  0.0|INFORM|Reprojector: Using transformation `ETRS89/01_to_WGS84,Forward(Geocentric)' when reprojecting from EPSG:25832 to EPSG:4326
2020-02-12 09:28:52|   3.8|  0.0|INFORM|Creating writer for format: Esri Indexed 3D Scene Layer
2020-02-12 09:28:52|   3.9|  0.0|INFORM|Trying to find a DYNAMIC plugin for writer named `I3S'
2020-02-12 09:28:52|   3.9|  0.0|INFORM|Loaded module 'I3S' from file 'C:\Program Files\FME\plugins/I3S.dll'
2020-02-12 09:28:52|   3.9|  0.0|INFORM|FME API version of module 'I3S' matches current internal version (3.8 20190820)
2020-02-12 09:28:52|   3.9|  0.0|INFORM|FME Configuration: Destination coordinate system set to `EPSG:4326'
2020-02-12 09:28:52|   3.9|  0.0|INFORM|Coordinate System `EPSG:4326' parameters: CS_NAME=`LL-WGS84' DESC_NM=`WGS84 Lat/Longs' DT_NAME=`WGS84' GROUP=`LL' MAP_SCL=`1' PROJ=`LL' QUAD=`1' SCL_RED=`1' UNIT=`DEGREE'
2020-02-12 09:28:52|   3.9|  0.0|INFORM|FME API version of module 'I3S' matches current internal version (3.8 20190820)
2020-02-12 09:28:52|   3.9|  0.0|INFORM|Writer `I3S_1' of type `I3S' using group definition keyword `I3S_1_DEF'
2020-02-12 09:28:52|   3.9|  0.0|INFORM|FME API version of module 'I3S' matches current internal version (3.8 20190820)
2020-02-12 09:28:52|   3.9|  0.0|INFORM|(I3S_1) Opening an I3S writer with dataset 'D:\HFT Course Material\Sem 3\SERVERS\tools-scene-editor\scenes\LGL/'
2020-02-12 09:28:52|   3.9|  0.0|WARN  |(I3S_1) The 'layer' layer requires triangular mesh geometries. Features whose geometries cannot be triangulated will not be written
2020-02-12 09:28:52|   3.9|  0.0|INFORM|(I3S_1) The 'layer' layer will be written in the EPSG:4326 coordinate system 
2020-02-12 09:28:54|   5.5|  1.5|INFORM|Reading source feature # 2500
2020-02-12 09:28:55|   7.1|  1.6|INFORM|Reading source feature # 5000
2020-02-12 09:28:56|   7.9|  0.8|INFORM|MULTI_READER(MULTI_READER): Done reading 6171 features from 1 readers
2020-02-12 09:28:56|   7.9|  0.0|INFORM|Emptying factory pipeline
2020-02-12 09:28:56|   7.9|  0.0|STATS |Router and Unexpected Input Remover (RoutingFactory): Tested 6171 input feature(s), wrote 6171 output feature(s): 6171 matched merge filters, 6171 were routed to output, 0 could not be routed.
2020-02-12 09:28:56|   7.9|  0.0|STATS |Unexpected Input Remover Nuker (TeeFactory): Cloned 0 input feature(s) into 0 output feature(s)
2020-02-12 09:28:56|   7.9|  0.0|STATS |CityModel (CITYGML_1) Splitter (TeeFactory): Cloned 1 input feature(s) into 1 output feature(s)
2020-02-12 09:28:56|   7.9|  0.0|STATS |CityModel_CITYGML_1 Feature Counter -1 15 (TeeFactory): Cloned 1 input feature(s) into 1 output feature(s)
2020-02-12 09:28:56|   7.9|  0.0|STATS |WallSurface (CITYGML_1) Splitter (TeeFactory): Cloned 3676 input feature(s) into 3676 output feature(s)
2020-02-12 09:28:56|   7.9|  0.0|STATS |WallSurface_CITYGML_1 Feature Counter -1 19 (TeeFactory): Cloned 3676 input feature(s) into 3676 output feature(s)
2020-02-12 09:28:56|   7.9|  0.0|STATS |GroundSurface (CITYGML_1) Splitter (TeeFactory): Cloned 491 input feature(s) into 491 output feature(s)
2020-02-12 09:28:56|   7.9|  0.0|STATS |GroundSurface_CITYGML_1 Feature Counter -1 17 (TeeFactory): Cloned 491 input feature(s) into 491 output feature(s)
2020-02-12 09:28:56|   7.9|  0.0|STATS |Building (CITYGML_1) Splitter (TeeFactory): Cloned 592 input feature(s) into 592 output feature(s)
2020-02-12 09:28:56|   7.9|  0.0|STATS |Building_CITYGML_1 Feature Counter -1 13 (TeeFactory): Cloned 592 input feature(s) into 592 output feature(s)
2020-02-12 09:28:56|   7.9|  0.0|STATS |BuildingPart (CITYGML_1) Splitter (TeeFactory): Cloned 0 input feature(s) into 0 output feature(s)
2020-02-12 09:28:56|   7.9|  0.0|STATS |BuildingPart_CITYGML_1 Feature Counter -1 14 (TeeFactory): Cloned 0 input feature(s) into 0 output feature(s)
2020-02-12 09:28:56|   7.9|  0.0|STATS |RoofSurface (CITYGML_1) Splitter (TeeFactory): Cloned 875 input feature(s) into 875 output feature(s)
2020-02-12 09:28:56|   7.9|  0.0|STATS |RoofSurface_CITYGML_1 Feature Counter -1 18 (TeeFactory): Cloned 875 input feature(s) into 875 output feature(s)
2020-02-12 09:28:56|   7.9|  0.0|STATS |Address (CITYGML_1) Splitter (TeeFactory): Cloned 536 input feature(s) into 536 output feature(s)
2020-02-12 09:28:56|   7.9|  0.0|STATS |Address_CITYGML_1 Feature Counter -1 12 (TeeFactory): Cloned 536 input feature(s) into 536 output feature(s)
2020-02-12 09:28:56|   7.9|  0.0|STATS |ClosureSurface (CITYGML_1) Splitter (TeeFactory): Cloned 0 input feature(s) into 0 output feature(s)
2020-02-12 09:28:56|   7.9|  0.0|STATS |ClosureSurface_CITYGML_1 Feature Counter -1 16 (TeeFactory): Cloned 0 input feature(s) into 0 output feature(s)
2020-02-12 09:28:56|   7.9|  0.0|STATS |Destination Feature Type Routing Correlator (RoutingFactory): Tested 6171 input feature(s), wrote 6171 output feature(s): 0 matched merge filters, 6171 were routed to output, 0 could not be routed.
2020-02-12 09:28:56|   7.9|  0.0|STATS |Final Output Nuker (TeeFactory): Cloned 0 input feature(s) into 0 output feature(s)
2020-02-12 09:28:56|   7.9|  0.0|INFORM|(I3S_1) Closing the I3S writer with dataset 'D:\HFT Course Material\Sem 3\SERVERS\tools-scene-editor\scenes\LGL/'
2020-02-12 09:28:56|   7.9|  0.0|INFORM|(I3S_1) Writing I3S Layer for feature type 'layer'
2020-02-12 09:28:56|   7.9|  0.0|INFORM|(I3S_1) Feature type 'layer' has 5516 features
2020-02-12 09:28:56|   7.9|  0.0|INFORM|(I3S_1) Quad tree for feature type 'layer' has been created, with 473 nodes
2020-02-12 09:29:02|  42.7| 34.8|INFORM|=-=-=-=-=-=-=-=-=-=-=-=-=-=-=-=-=-=-=-=-=-=-=-=-=-=-=-=-=-=-=-=-=-=-=-=-=-=-=-
2020-02-12 09:29:02|  42.7|  0.0|INFORM|Feature output statistics for `I3S' writer using keyword `I3S_1':
2020-02-12 09:29:02|  42.7|  0.0|STATS |=-=-=-=-=-=-=-=-=-=-=-=-=-=-=-=-=-=-=-=-=-=-=-=-=-=-=-=-=-=-=-=-=-=-=-=-=-=-=-
2020-02-12 09:29:02|  42.7|  0.0|STATS |                               Features Written
2020-02-12 09:29:02|  42.7|  0.0|STATS |=-=-=-=-=-=-=-=-=-=-=-=-=-=-=-=-=-=-=-=-=-=-=-=-=-=-=-=-=-=-=-=-=-=-=-=-=-=-=-
2020-02-12 09:29:02|  42.7|  0.0|STATS |layer                                                                     6171
2020-02-12 09:29:02|  42.7|  0.0|STATS |==============================================================================
2020-02-12 09:29:02|  42.7|  0.0|STATS |Total Features Written                                                    6171
2020-02-12 09:29:02|  42.7|  0.0|STATS |=-=-=-=-=-=-=-=-=-=-=-=-=-=-=-=-=-=-=-=-=-=-=-=-=-=-=-=-=-=-=-=-=-=-=-=-=-=-=-
2020-02-12 09:29:02|  42.7|  0.0|STATS |=-=-=-=-=-=-=-=-=-=-=-=-=-=-=-=-=-=-=-=-=-=-=-=-=-=-=-=-=-=-=-=-=-=-=-=-=-=-=-
2020-02-12 09:29:02|  42.7|  0.0|STATS |                            Features Read Summary
2020-02-12 09:29:02|  42.7|  0.0|STATS |=-=-=-=-=-=-=-=-=-=-=-=-=-=-=-=-=-=-=-=-=-=-=-=-=-=-=-=-=-=-=-=-=-=-=-=-=-=-=-
2020-02-12 09:29:02|  42.7|  0.0|STATS |Address                                                                    536
2020-02-12 09:29:02|  42.7|  0.0|STATS |Building                                                                   592
2020-02-12 09:29:02|  42.7|  0.0|STATS |CityModel                                                                    1
2020-02-12 09:29:02|  42.7|  0.0|STATS |GroundSurface                                                              491
2020-02-12 09:29:02|  42.7|  0.0|STATS |RoofSurface                                                                875
2020-02-12 09:29:02|  42.7|  0.0|STATS |WallSurface                                                               3676
2020-02-12 09:29:02|  42.7|  0.0|STATS |==============================================================================
2020-02-12 09:29:02|  42.7|  0.0|STATS |Total Features Read                                                       6171
2020-02-12 09:29:02|  42.7|  0.0|STATS |=-=-=-=-=-=-=-=-=-=-=-=-=-=-=-=-=-=-=-=-=-=-=-=-=-=-=-=-=-=-=-=-=-=-=-=-=-=-=-
2020-02-12 09:29:02|  42.7|  0.0|STATS |=-=-=-=-=-=-=-=-=-=-=-=-=-=-=-=-=-=-=-=-=-=-=-=-=-=-=-=-=-=-=-=-=-=-=-=-=-=-=-
2020-02-12 09:29:02|  42.7|  0.0|STATS |                           Features Written Summary
2020-02-12 09:29:02|  42.7|  0.0|STATS |=-=-=-=-=-=-=-=-=-=-=-=-=-=-=-=-=-=-=-=-=-=-=-=-=-=-=-=-=-=-=-=-=-=-=-=-=-=-=-
2020-02-12 09:29:02|  42.7|  0.0|STATS |layer                                                                     6171
2020-02-12 09:29:02|  42.7|  0.0|STATS |==============================================================================
2020-02-12 09:29:02|  42.7|  0.0|STATS |Total Features Written                                                    6171
2020-02-12 09:29:02|  42.7|  0.0|STATS |=-=-=-=-=-=-=-=-=-=-=-=-=-=-=-=-=-=-=-=-=-=-=-=-=-=-=-=-=-=-=-=-=-=-=-=-=-=-=-
2020-02-12 09:29:02|  42.7|  0.0|INFORM|Translation was SUCCESSFUL with 1 warning(s) (6171 feature(s) output)
2020-02-12 09:29:02|  42.7|  0.0|INFORM|FME Session Duration: 16.8 seconds. (CPU: 20.5s user, 22.2s system)
2020-02-12 09:29:02|  42.7|  0.0|INFORM|END - ProcessID: 20460, peak process memory usage: 180712 kB, current process memory usage: 107780 kB
