2020-02-13 18:39:08|   0.1|  0.1|INFORM|FME 2019.2.1.0 (20191202 - Build 19813 - WIN64)
2020-02-13 18:39:08|   0.1|  0.0|WARN  |Failed to free sufficient memory to reach the process usage limit. To improve stability and performance please increase the memory available to FME. Available memory can be increased by adding physical RAM, increasing swap space, or closing other applications
2020-02-13 18:39:08|   0.1|  0.0|INFORM|FME_HOME is 'C:\Program Files\FME\'
2020-02-13 18:39:08|   0.1|  0.0|INFORM|FME Database Edition (node locked-crc)
2020-02-13 18:39:08|   0.1|  0.0|INFORM|Serial Number: 0
2020-02-13 18:39:08|   0.1|  0.0|INFORM|Temporary License: 53 days left.
2020-02-13 18:39:08|   0.1|  0.0|INFORM|Machine host name is: LAPTOP-G31B2K74
2020-02-13 18:39:08|   0.1|  0.0|INFORM|START - ProcessID: 18860, peak process memory usage: 30952 kB, current process memory usage: 30852 kB
2020-02-13 18:39:08|   0.1|  0.0|INFORM|FME Configuration: Command line arguments are `fme' `../FMETranslator/LOD2/citygml2cesium3dtiles(LOD2).fmw' `--SourceDataset_CITYGML' `./temp/temp.gml' `--DestDataset_CESIUM3DTILES' `./temp//LOD2/3DTiles/LGLtest'
2020-02-13 18:39:08|   0.1|  0.0|INFORM|FME Configuration: Connection Storage: 'C:\Users\Standard-User\AppData\Roaming\Safe Software\FME\'
2020-02-13 18:39:08|   0.1|  0.1|INFORM|Shared folders for formats are : C:\Program Files\FME\datasources;C:\Users\Standard-User\Documents\FME\Formats
2020-02-13 18:39:08|   0.1|  0.0|INFORM|Shared folders for transformers are : C:\Users\Standard-User\AppData\Roaming\Safe Software\FME\Packages\19813-win64\transformers;C:\Program Files\FME\transformers;C:\Users\Standard-User\AppData\Roaming\Safe Software\FME\FME Store\Transformers
2020-02-13 18:39:08|   0.1|  0.0|INFORM|Shared folders for coordinate systems are : C:\Users\Standard-User\Documents\FME\CoordinateSystems
2020-02-13 18:39:08|   0.1|  0.0|INFORM|Shared folders for coordinate system exceptions are : C:\Users\Standard-User\Documents\FME\CoordinateSystemExceptions
2020-02-13 18:39:08|   0.1|  0.0|INFORM|Shared folders for coordinate system grid overrides are : C:\Users\Standard-User\Documents\FME\CoordinateSystemGridOverrides
2020-02-13 18:39:08|   0.1|  0.0|INFORM|Shared folders for CS-MAP transformation exceptions are : C:\Users\Standard-User\Documents\FME\CsmapTransformationExceptions
2020-02-13 18:39:08|   0.1|  0.0|INFORM|Shared folders for transformer categories are : C:\Users\Standard-User\Documents\FME\TransformerCategories
2020-02-13 18:39:08|   0.1|  0.0|INFORM|FME Configuration: Reader Keyword is `MULTI_READER'
2020-02-13 18:39:08|   0.1|  0.0|INFORM|FME Configuration: Writer Keyword is `MULTI_WRITER'
2020-02-13 18:39:08|   0.1|  0.0|INFORM|FME Configuration: Writer Group Definition Keyword is `MULTI_WRITER_DEF'
2020-02-13 18:39:08|   0.1|  0.0|INFORM|FME Configuration: Reader type is `MULTI_READER'
2020-02-13 18:39:08|   0.1|  0.0|INFORM|FME Configuration: Writer type is `MULTI_WRITER'
2020-02-13 18:39:08|   0.1|  0.0|INFORM|FME Configuration: No destination coordinate system set
2020-02-13 18:39:08|   0.1|  0.0|INFORM|FME Configuration: Current working folder is `D:\HFT Course Material\Sem 3\SERVERS\GeoRocket'
2020-02-13 18:39:08|   0.1|  0.0|INFORM|FME Configuration: Temporary folder is `C:\Users\STANDA~1\AppData\Local\Temp', set from environment variable `TEMP'
2020-02-13 18:39:08|   0.1|  0.0|INFORM|FME Configuration: FME_HOME is `C:\Program Files\FME\'
2020-02-13 18:39:08|   0.1|  0.0|INFORM|FME Configuration: FME_BASE is 'no'
2020-02-13 18:39:08|   0.1|  0.0|INFORM|FME Configuration: FME_MF_DIR is 'd:\HFT Course Material\Sem 3\SERVERS\FMETranslator\LOD2/'
2020-02-13 18:39:08|   0.1|  0.0|INFORM|FME Configuration: FME_MF_NAME is 'citygml2cesium3dtiles(LOD2).fmw'
2020-02-13 18:39:08|   0.1|  0.0|INFORM|FME Configuration: FME_PRODUCT_NAME is 'FME(R) 2019.2.1.0'
2020-02-13 18:39:08|   0.1|  0.0|INFORM|System Status: 54.40 GB of disk space available in the FME temporary folder (C:\Users\STANDA~1\AppData\Local\Temp)
2020-02-13 18:39:08|   0.1|  0.0|INFORM|System Status: 128.00 TB of virtual memory available
2020-02-13 18:39:08|   0.1|  0.0|INFORM|Operating System: Microsoft Windows 10 64-bit  (Build 17763)
2020-02-13 18:39:08|   0.1|  0.0|INFORM|FME Platform: WIN64
2020-02-13 18:39:08|   0.1|  0.0|INFORM|Locale: en_GB
2020-02-13 18:39:08|   0.1|  0.0|INFORM|Code Page: 1252  (ANSI - Latin I)
2020-02-13 18:39:08|   0.1|  0.0|INFORM|FME Configuration: Process limit is 7.89 GB of physical memory
2020-02-13 18:39:08|   0.1|  0.0|INFORM|FME Configuration: Start freeing memory when process usage exceeds 29.59 MB of virtual memory
2020-02-13 18:39:08|   0.1|  0.0|INFORM|FME Configuration: Stop freeing memory when process usage is below 28.41 MB of virtual memory
2020-02-13 18:39:09|   0.2|  0.0|INFORM|Creating writer for format: 
2020-02-13 18:39:09|   0.2|  0.0|INFORM|Creating reader for format: 
2020-02-13 18:39:09|   0.2|  0.0|INFORM|MULTI_READER(MULTI_READER): Will fail with first member reader failure
2020-02-13 18:39:09|   0.2|  0.0|INFORM|MULTI_READER(MULTI_READER): Adding CITYGML Reader with keyword CITYGML_1
2020-02-13 18:39:09|   0.2|  0.0|INFORM|Using Multi Reader with keyword `MULTI_READER' to read multiple datasets
2020-02-13 18:39:09|   0.3|  0.1|INFORM|Creating reader for format: CityGML
2020-02-13 18:39:09|   0.3|  0.0|INFORM|Trying to find a DYNAMIC plugin for reader named `CITYGML'
2020-02-13 18:39:09|   0.3|  0.0|INFORM|FME Configuration: Source coordinate system for reader CITYGML_1[CITYGML] set to `EPSG:25832'
2020-02-13 18:39:10|   0.5|  0.2|INFORM|Coordinate System `EPSG:25832' parameters: CS_NAME=`ETRS89.UTM-32N' DESC_NM=`Transverse Mercator (ETRS89-TM32)' DT_NAME=`ETRS89/01' GROUP=`UTMN' MAP_SCL=`1' MAX_LAT=`66.45' MAX_LNG=`12.866666666666667' MIN_LAT=`57.11666666666667' MIN_LNG=`4.183333333333334' PARM1=`9' PROJ=`TM' QUAD=`1' SCL_RED=`0.9996' SOURCE=`EPSG, V6.3, 25832 [Large and medium scale topographic mappi]' UNIT=`Meter' X_OFF=`500000' Y_OFF=`0.0' ZERO_X=`0.0001' ZERO_Y=`0.0001'
2020-02-13 18:39:10|   0.5|  0.0|INFORM|Loaded module 'CITYGML' from file 'C:\Program Files\FME\plugins/CITYGML.dll'
2020-02-13 18:39:10|   0.8|  0.3|INFORM|FME API version of module 'CITYGML' matches current internal version (3.8 20190820)
2020-02-13 18:39:10|   0.8|  0.0|INFORM|Opening the CITYGML reader with source dataset 'temp\temp.gml'
2020-02-13 18:39:10|   0.8|  0.0|INFORM|Parsing XML document 'temp\temp.gml'
2020-02-13 18:39:10|   0.8|  0.0|INFORM|The uri-map document 'C:\Program Files\FME\xml\urimap\gml_aixm.xml' is being used to map from URI to URI
2020-02-13 18:39:10|   0.8|  0.0|INFORM|The uri-map document 'C:\Program Files\FME\xml\urimap\gml_inspire.xml' is being used to map from URI to URI
2020-02-13 18:39:10|   0.8|  0.0|INFORM|The uri-map document 'C:\Program Files\FME\xml\urimap\gml_sosi.xml' is being used to map from URI to URI
2020-02-13 18:39:10|   0.8|  0.0|INFORM|The uri-map document 'C:\Program Files\FME\xml\urimap\gml_urimap.xml' is being used to map from URI to URI
2020-02-13 18:39:10|   0.8|  0.0|INFORM|The uri-map document 'C:\Program Files\FME\xml\urimap\gml_citygml.xml' is being used to map from URI to URI
2020-02-13 18:39:10|   0.8|  0.0|INFORM|URI 'http://repository.gdi-de.org/schemas/adv/citygml/building/1.0/buildingLoD2.xsd' mapped to 'http://repository.gdi-de.org/schemas/adv/citygml/building/1.0/buildingLoD2.xsd'
2020-02-13 18:39:11|   0.8|  0.0|INFORM|HTTP/FTP Transfer: Downloading resource 'http://repository.gdi-de.org/schemas/adv/citygml/building/1.0/buildingLoD2.xsd' to local file 'C:\Users\STANDA~1\AppData\Local\Temp\FME_XSD_CACHE\fmexsd_1581615550993_18860.xml'
2020-02-13 18:39:11|   0.8|  0.0|INFORM|HTTP transfer summary - status code: 200, download size: '18959 bytes', DNS lookup time: '0.208129 seconds', total transfer time: '0.293535 seconds', url: 'http://repository.gdi-de.org/schemas/adv/citygml/building/1.0/buildingLoD2.xsd'
2020-02-13 18:39:11|   0.8|  0.0|INFORM|'http://repository.gdi-de.org/schemas/adv/citygml/building/1.0/buildingLoD2.xsd' mapped to 'C:\Users\STANDA~1\AppData\Local\Temp\FME_XSD_CACHE\fmexsd_1581615550993_18860.xml'
2020-02-13 18:39:11|   0.8|  0.0|INFORM|Parsing schema document 'C:\Users\STANDA~1\AppData\Local\Temp\FME_XSD_CACHE\fmexsd_1581615550993_18860.xml' ...
2020-02-13 18:39:11|   0.8|  0.0|INFORM|A <schemaLocation> in the uri-map is overriding the namespace 'http://www.w3.org/1999/xlink' xsd location from 'http://schemas.opengis.net/gml/3.1.0/xlink/xlinks.xsd' to 'xlink.xsd'
2020-02-13 18:39:11|   0.9|  0.1|INFORM|A <schemaLocation> in the uri-map is overriding the namespace 'http://www.w3.org/1999/xlink' xsd location from 'http://schemas.opengis.net/gml/3.1.0/xlink/xlinks.xsd' to 'xlink.xsd'
2020-02-13 18:39:11|   0.9|  0.0|INFORM|HTTP/FTP Transfer: Downloading resource 'http://repository.gdi-de.org/schemas/adv/citygml/1.0/cityGMLBaseLoD2.xsd' to local file 'C:\Users\STANDA~1\AppData\Local\Temp\FME_XSD_CACHE\fmexsd_1581615551555_18860.xml'
2020-02-13 18:39:11|   0.9|  0.0|INFORM|HTTP transfer summary - status code: 200, download size: '21639 bytes', DNS lookup time: '3.3e-5 seconds', total transfer time: '0.035593 seconds', url: 'http://repository.gdi-de.org/schemas/adv/citygml/1.0/cityGMLBaseLoD2.xsd'
2020-02-13 18:39:11|   0.9|  0.0|INFORM|'http://repository.gdi-de.org/schemas/adv/citygml/1.0/cityGMLBaseLoD2.xsd' mapped to 'C:\Users\STANDA~1\AppData\Local\Temp\FME_XSD_CACHE\fmexsd_1581615551555_18860.xml'
2020-02-13 18:39:11|   0.9|  0.0|INFORM|URI 'http://repository.gdi-de.org/schemas/adv/citygml/cityobjectgroup/1.0/cityObjectGroupLoD2.xsd' mapped to 'http://repository.gdi-de.org/schemas/adv/citygml/cityobjectgroup/1.0/cityObjectGroupLoD2.xsd'
2020-02-13 18:39:11|   0.9|  0.0|INFORM|HTTP/FTP Transfer: Downloading resource 'http://repository.gdi-de.org/schemas/adv/citygml/cityobjectgroup/1.0/cityObjectGroupLoD2.xsd' to local file 'C:\Users\STANDA~1\AppData\Local\Temp\FME_XSD_CACHE\fmexsd_1581615551648_18860.xml'
2020-02-13 18:39:11|   0.9|  0.0|INFORM|HTTP transfer summary - status code: 200, download size: '5804 bytes', DNS lookup time: '3.1e-5 seconds', total transfer time: '0.014329 seconds', url: 'http://repository.gdi-de.org/schemas/adv/citygml/cityobjectgroup/1.0/cityObjectGroupLoD2.xsd'
2020-02-13 18:39:11|   0.9|  0.0|INFORM|'http://repository.gdi-de.org/schemas/adv/citygml/cityobjectgroup/1.0/cityObjectGroupLoD2.xsd' mapped to 'C:\Users\STANDA~1\AppData\Local\Temp\FME_XSD_CACHE\fmexsd_1581615551648_18860.xml'
2020-02-13 18:39:11|   0.9|  0.0|INFORM|Parsing schema document 'C:\Users\STANDA~1\AppData\Local\Temp\FME_XSD_CACHE\fmexsd_1581615551648_18860.xml' ...
2020-02-13 18:39:11|   0.9|  0.0|INFORM|'http://repository.gdi-de.org/schemas/adv/citygml/1.0/cityGMLBaseLoD2.xsd' mapped to 'C:\Users\STANDA~1\AppData\Local\Temp\FME_XSD_CACHE\fmexsd_1581615551555_18860.xml'
2020-02-13 18:39:11|   0.9|  0.0|INFORM|URI 'http://repository.gdi-de.org/schemas/adv/citygml/appearance/1.0/appearanceLoD2.xsd' mapped to 'http://repository.gdi-de.org/schemas/adv/citygml/appearance/1.0/appearanceLoD2.xsd'
2020-02-13 18:39:11|   0.9|  0.0|INFORM|HTTP/FTP Transfer: Downloading resource 'http://repository.gdi-de.org/schemas/adv/citygml/appearance/1.0/appearanceLoD2.xsd' to local file 'C:\Users\STANDA~1\AppData\Local\Temp\FME_XSD_CACHE\fmexsd_1581615551675_18860.xml'
2020-02-13 18:39:11|   0.9|  0.0|INFORM|HTTP transfer summary - status code: 200, download size: '19604 bytes', DNS lookup time: '3.6e-5 seconds', total transfer time: '0.031938 seconds', url: 'http://repository.gdi-de.org/schemas/adv/citygml/appearance/1.0/appearanceLoD2.xsd'
2020-02-13 18:39:11|   0.9|  0.0|INFORM|'http://repository.gdi-de.org/schemas/adv/citygml/appearance/1.0/appearanceLoD2.xsd' mapped to 'C:\Users\STANDA~1\AppData\Local\Temp\FME_XSD_CACHE\fmexsd_1581615551675_18860.xml'
2020-02-13 18:39:11|   0.9|  0.0|INFORM|Parsing schema document 'C:\Users\STANDA~1\AppData\Local\Temp\FME_XSD_CACHE\fmexsd_1581615551675_18860.xml' ...
2020-02-13 18:39:11|   0.9|  0.0|INFORM|'http://repository.gdi-de.org/schemas/adv/citygml/1.0/cityGMLBaseLoD2.xsd' mapped to 'C:\Users\STANDA~1\AppData\Local\Temp\FME_XSD_CACHE\fmexsd_1581615551555_18860.xml'
2020-02-13 18:39:11|   0.9|  0.0|INFORM|URI 'http://repository.gdi-de.org/schemas/adv/citygml/1.0/cityGMLBaseLoD2.xsd' mapped to 'http://repository.gdi-de.org/schemas/adv/citygml/1.0/cityGMLBaseLoD2.xsd'
2020-02-13 18:39:11|   0.9|  0.0|INFORM|'http://repository.gdi-de.org/schemas/adv/citygml/1.0/cityGMLBaseLoD2.xsd' mapped to 'C:\Users\STANDA~1\AppData\Local\Temp\FME_XSD_CACHE\fmexsd_1581615551555_18860.xml'
2020-02-13 18:39:11|   0.9|  0.0|INFORM|Parsing schema document 'C:\Users\STANDA~1\AppData\Local\Temp\FME_XSD_CACHE\fmexsd_1581615551555_18860.xml' ...
2020-02-13 18:39:11|   0.9|  0.0|INFORM|URI 'http://repository.gdi-de.org/schemas/adv/citygml/generics/1.0/genericsLoD2.xsd' mapped to 'http://repository.gdi-de.org/schemas/adv/citygml/generics/1.0/genericsLoD2.xsd'
2020-02-13 18:39:11|   0.9|  0.0|INFORM|HTTP/FTP Transfer: Downloading resource 'http://repository.gdi-de.org/schemas/adv/citygml/generics/1.0/genericsLoD2.xsd' to local file 'C:\Users\STANDA~1\AppData\Local\Temp\FME_XSD_CACHE\fmexsd_1581615551724_18860.xml'
2020-02-13 18:39:11|   0.9|  0.0|INFORM|HTTP transfer summary - status code: 200, download size: '2868 bytes', DNS lookup time: '4e-5 seconds', total transfer time: '0.013624 seconds', url: 'http://repository.gdi-de.org/schemas/adv/citygml/generics/1.0/genericsLoD2.xsd'
2020-02-13 18:39:11|   0.9|  0.0|INFORM|'http://repository.gdi-de.org/schemas/adv/citygml/generics/1.0/genericsLoD2.xsd' mapped to 'C:\Users\STANDA~1\AppData\Local\Temp\FME_XSD_CACHE\fmexsd_1581615551724_18860.xml'
2020-02-13 18:39:11|   0.9|  0.0|INFORM|Parsing schema document 'C:\Users\STANDA~1\AppData\Local\Temp\FME_XSD_CACHE\fmexsd_1581615551724_18860.xml' ...
2020-02-13 18:39:11|   0.9|  0.0|INFORM|'http://repository.gdi-de.org/schemas/adv/citygml/1.0/cityGMLBaseLoD2.xsd' mapped to 'C:\Users\STANDA~1\AppData\Local\Temp\FME_XSD_CACHE\fmexsd_1581615551555_18860.xml'
2020-02-13 18:39:11|   1.0|  0.0|INFORM|Using XSD semantics configuration file 'file:///C:/Program Files/FME/xml/CityGML/CityGML_config.xml'.
2020-02-13 18:39:11|   1.1|  0.2|INFORM|Pre-processing xfMap 'C:\Users\STANDA~1\AppData\Local\Temp\GML_XFMAP_CACHE\CACHED_AUTOGEN_1581615550974_18860.xfmap' with macro stylesheet 'C:\Program Files\FME\xfmap\xfmap_macro.xslt' into 'C:\Users\STANDA~1\AppData\Local\Temp\GML_XFMAP_CACHE\CACHED_AUTOGEN_1581615551941_18860.xfmap'
2020-02-13 18:39:12|   1.2|  0.1|INFORM|CityGML Reader: Caching xfMap file for subsequent reads 'C:\Users\STANDA~1\AppData\Local\Temp\GML_XFMAP_CACHE\CACHED_AUTOGEN_1581615551941_18860.xfmap'
2020-02-13 18:39:12|   1.2|  0.0|INFORM|Using MultiWriter with keyword `MULTI_WRITER' to output data (ID_ATTRIBUTE is `multi_writer_id')
2020-02-13 18:39:12|   1.2|  0.0|INFORM|Writer output will be ordered by value of multi_writer_id
2020-02-13 18:39:12|   1.2|  0.0|INFORM|FME Configuration: Using FME Reprojection Engine
2020-02-13 18:39:12|   1.2|  0.0|INFORM|The XML Reader is using xfMap 'C:\Users\STANDA~1\AppData\Local\Temp\GML_XFMAP_CACHE\CACHED_AUTOGEN_1581615551941_18860.xfmap'
2020-02-13 18:39:12|   1.2|  0.0|INFORM|Parsing XML document 'temp\temp.gml'
2020-02-13 18:39:12|   1.2|  0.0|INFORM|Creating writer for format: Cesium 3D Tiles
2020-02-13 18:39:12|   1.2|  0.0|INFORM|Trying to find a DYNAMIC plugin for writer named `CESIUM3DTILES'
2020-02-13 18:39:12|   1.2|  0.0|INFORM|Loaded module 'CESIUM3DTILES' from file 'C:\Program Files\FME\plugins/CESIUM3DTILES.dll'
2020-02-13 18:39:12|   1.2|  0.0|INFORM|FME API version of module 'CESIUM3DTILES' matches current internal version (3.8 20190820)
2020-02-13 18:39:12|   1.2|  0.0|INFORM|FME Configuration: Destination coordinate system set to `EPSG:25832'
2020-02-13 18:39:12|   1.2|  0.0|INFORM|Coordinate System `EPSG:25832' parameters: CS_NAME=`ETRS89.UTM-32N' DESC_NM=`Transverse Mercator (ETRS89-TM32)' DT_NAME=`ETRS89/01' GROUP=`UTMN' MAP_SCL=`1' MAX_LAT=`66.45' MAX_LNG=`12.866666666666667' MIN_LAT=`57.11666666666667' MIN_LNG=`4.183333333333334' PARM1=`9' PROJ=`TM' QUAD=`1' SCL_RED=`0.9996' SOURCE=`EPSG, V6.3, 25832 [Large and medium scale topographic mappi]' UNIT=`Meter' X_OFF=`500000' Y_OFF=`0.0' ZERO_X=`0.0001' ZERO_Y=`0.0001'
2020-02-13 18:39:12|   1.2|  0.0|INFORM|FME API version of module 'CESIUM3DTILES' matches current internal version (3.8 20190820)
2020-02-13 18:39:12|   1.2|  0.0|INFORM|Writer `CESIUM3DTILES_1' of type `CESIUM3DTILES' using group definition keyword `CESIUM3DTILES_1_DEF'
2020-02-13 18:39:12|   1.2|  0.0|INFORM|FME API version of module 'CESIUM3DTILES' matches current internal version (3.8 20190820)
2020-02-13 18:39:12|   1.2|  0.0|INFORM|(CESIUM3DTILES_1) Opening a Cesium 3D Tiles writer with dataset 'temp\LOD2\3DTiles\LGLtest'
2020-02-13 18:39:12|   1.2|  0.0|INFORM|CS-MAP Reprojector: Transformation will be automatically selected for 'EPSG:25832' -> 'EPSG:4978', and is not guaranteed to remain the same in future releases of FME
2020-02-13 18:39:12|   1.3|  0.0|INFORM|Reprojector: Using transformation `ETRS89/01_to_WGS84,Forward(Geocentric)' when reprojecting from EPSG:25832 to EPSG:4978
2020-02-13 18:39:12|   1.3|  0.0|INFORM|MULTI_READER(MULTI_READER): Done reading 18 features from 1 readers
2020-02-13 18:39:12|   1.3|  0.0|INFORM|Emptying factory pipeline
2020-02-13 18:39:12|   1.3|  0.0|STATS |Router and Unexpected Input Remover (RoutingFactory): Tested 18 input feature(s), wrote 18 output feature(s): 18 matched merge filters, 18 were routed to output, 0 could not be routed.
2020-02-13 18:39:12|   1.3|  0.0|STATS |CityModel (CITYGML_1) Splitter (TeeFactory): Cloned 1 input feature(s) into 1 output feature(s)
2020-02-13 18:39:12|   1.3|  0.0|STATS |WallSurface (CITYGML_1) Splitter (TeeFactory): Cloned 12 input feature(s) into 12 output feature(s)
2020-02-13 18:39:12|   1.3|  0.0|STATS |GroundSurface (CITYGML_1) Splitter (TeeFactory): Cloned 1 input feature(s) into 1 output feature(s)
2020-02-13 18:39:12|   1.3|  0.0|STATS |Building (CITYGML_1) Splitter (TeeFactory): Cloned 1 input feature(s) into 1 output feature(s)
2020-02-13 18:39:12|   1.3|  0.0|STATS |BuildingPart (CITYGML_1) Splitter (TeeFactory): Cloned 0 input feature(s) into 0 output feature(s)
2020-02-13 18:39:12|   1.3|  0.0|STATS |RoofSurface (CITYGML_1) Splitter (TeeFactory): Cloned 2 input feature(s) into 2 output feature(s)
2020-02-13 18:39:12|   1.3|  0.0|STATS |Address (CITYGML_1) Splitter (TeeFactory): Cloned 1 input feature(s) into 1 output feature(s)
2020-02-13 18:39:12|   1.3|  0.0|STATS |ClosureSurface (CITYGML_1) Splitter (TeeFactory): Cloned 0 input feature(s) into 0 output feature(s)
2020-02-13 18:39:12|   1.3|  0.0|STATS |Destination Feature Type Routing Correlator (RoutingFactory): Tested 18 input feature(s), wrote 18 output feature(s): 0 matched merge filters, 18 were routed to output, 0 could not be routed.
2020-02-13 18:39:12|   1.3|  0.0|STATS |Final Output Nuker (TeeFactory): Cloned 0 input feature(s) into 0 output feature(s)
2020-02-13 18:39:12|   1.3|  0.0|INFORM|(CESIUM3DTILES_1) Closing the Cesium 3D Tiles writer with dataset 'temp\LOD2\3DTiles\LGLtest'
2020-02-13 18:39:12|   1.3|  0.0|INFORM|(CESIUM3DTILES_1) Finishing writing 3D tileset for feature type 'tileset'
2020-02-13 18:39:12|   1.3|  0.0|INFORM|Creating writer for format: Cesium Batched 3D Model (B3DM)
2020-02-13 18:39:12|   1.3|  0.0|INFORM|Trying to find a DYNAMIC plugin for writer named `B3DM'
2020-02-13 18:39:12|   1.3|  0.0|INFORM|Loaded module 'B3DM' from file 'C:\Program Files\FME\plugins/GLTF.dll'
2020-02-13 18:39:12|   1.3|  0.0|INFORM|FME API version of module 'B3DM' matches current internal version (3.8 20190820)
2020-02-13 18:39:12|   1.3|  0.0|INFORM|FME Configuration: No destination coordinate system set
2020-02-13 18:39:12|   1.3|  0.0|INFORM|FME API version of module 'B3DM' matches current internal version (3.8 20190820)
2020-02-13 18:39:12|   1.3|  0.0|INFORM|FME API version of module 'B3DM' matches current internal version (3.8 20190820)
2020-02-13 18:39:12|   1.3|  0.0|INFORM|(W_2) Opening a b3dm writer with dataset 'temp\LOD2\3DTiles\LGLtest\tileset\data'
2020-02-13 18:39:12|   1.3|  0.0|INFORM|FME Configuration: Destination coordinate system set to input coordinate system `EPSG:25832'
2020-02-13 18:39:12|   1.3|  0.0|INFORM|=-=-=-=-=-=-=-=-=-=-=-=-=-=-=-=-=-=-=-=-=-=-=-=-=-=-=-=-=-=-=-=-=-=-=-=-=-=-=-
2020-02-13 18:39:12|   1.3|  0.0|INFORM|Feature output statistics for `CESIUM3DTILES' writer using keyword `CESIUM3DTILES_1':
2020-02-13 18:39:12|   1.3|  0.0|STATS |=-=-=-=-=-=-=-=-=-=-=-=-=-=-=-=-=-=-=-=-=-=-=-=-=-=-=-=-=-=-=-=-=-=-=-=-=-=-=-
2020-02-13 18:39:12|   1.3|  0.0|STATS |                               Features Written
2020-02-13 18:39:12|   1.3|  0.0|STATS |=-=-=-=-=-=-=-=-=-=-=-=-=-=-=-=-=-=-=-=-=-=-=-=-=-=-=-=-=-=-=-=-=-=-=-=-=-=-=-
2020-02-13 18:39:12|   1.3|  0.0|STATS |tileset                                                                     18
2020-02-13 18:39:12|   1.3|  0.0|STATS |==============================================================================
2020-02-13 18:39:12|   1.3|  0.0|STATS |Total Features Written                                                      18
2020-02-13 18:39:12|   1.3|  0.0|STATS |=-=-=-=-=-=-=-=-=-=-=-=-=-=-=-=-=-=-=-=-=-=-=-=-=-=-=-=-=-=-=-=-=-=-=-=-=-=-=-
2020-02-13 18:39:12|   1.3|  0.0|STATS |=-=-=-=-=-=-=-=-=-=-=-=-=-=-=-=-=-=-=-=-=-=-=-=-=-=-=-=-=-=-=-=-=-=-=-=-=-=-=-
2020-02-13 18:39:12|   1.3|  0.0|STATS |                            Features Read Summary
2020-02-13 18:39:12|   1.3|  0.0|STATS |=-=-=-=-=-=-=-=-=-=-=-=-=-=-=-=-=-=-=-=-=-=-=-=-=-=-=-=-=-=-=-=-=-=-=-=-=-=-=-
2020-02-13 18:39:12|   1.3|  0.0|STATS |Address                                                                      1
2020-02-13 18:39:12|   1.3|  0.0|STATS |Building                                                                     1
2020-02-13 18:39:12|   1.3|  0.0|STATS |CityModel                                                                    1
2020-02-13 18:39:12|   1.3|  0.0|STATS |GroundSurface                                                                1
2020-02-13 18:39:12|   1.3|  0.0|STATS |RoofSurface                                                                  2
2020-02-13 18:39:12|   1.3|  0.0|STATS |WallSurface                                                                 12
2020-02-13 18:39:12|   1.3|  0.0|STATS |==============================================================================
2020-02-13 18:39:12|   1.3|  0.0|STATS |Total Features Read                                                         18
2020-02-13 18:39:12|   1.3|  0.0|STATS |=-=-=-=-=-=-=-=-=-=-=-=-=-=-=-=-=-=-=-=-=-=-=-=-=-=-=-=-=-=-=-=-=-=-=-=-=-=-=-
2020-02-13 18:39:12|   1.3|  0.0|STATS |=-=-=-=-=-=-=-=-=-=-=-=-=-=-=-=-=-=-=-=-=-=-=-=-=-=-=-=-=-=-=-=-=-=-=-=-=-=-=-
2020-02-13 18:39:12|   1.3|  0.0|STATS |                           Features Written Summary
2020-02-13 18:39:12|   1.3|  0.0|STATS |=-=-=-=-=-=-=-=-=-=-=-=-=-=-=-=-=-=-=-=-=-=-=-=-=-=-=-=-=-=-=-=-=-=-=-=-=-=-=-
2020-02-13 18:39:12|   1.3|  0.0|STATS |tileset                                                                     18
2020-02-13 18:39:12|   1.3|  0.0|STATS |==============================================================================
2020-02-13 18:39:12|   1.3|  0.0|STATS |Total Features Written                                                      18
2020-02-13 18:39:12|   1.3|  0.0|STATS |=-=-=-=-=-=-=-=-=-=-=-=-=-=-=-=-=-=-=-=-=-=-=-=-=-=-=-=-=-=-=-=-=-=-=-=-=-=-=-
2020-02-13 18:39:12|   1.3|  0.0|INFORM|Translation was SUCCESSFUL with 1 warning(s) (18 feature(s) output)
2020-02-13 18:39:12|   1.3|  0.0|INFORM|FME Session Duration: 4.2 seconds. (CPU: 1.0s user, 0.3s system)
2020-02-13 18:39:12|   1.3|  0.0|INFORM|END - ProcessID: 18860, peak process memory usage: 109472 kB, current process memory usage: 94636 kB
